
 itr     d            est mean       white noise     log likelihd  nf ng
   1  1.909830E-01 -3.225380E-01   9.5843619E-01  -6.98849747E+03   7  6
   2  3.090170E-01 -3.406490E-01   9.5407923E-01  -6.97736063E+03   4  3
   3  3.819660E-01 -4.002884E-01   9.5675237E-01  -6.98463803E+03   3  2
   4  2.964158E-01 -3.369263E-01   9.5403789E-01  -6.97721578E+03   3  2
   5  2.971453E-01 -3.371150E-01   9.5403690E-01  -6.97721522E+03   2  1
   6  2.971795E-01 -3.371239E-01   9.5403687E-01  -6.97721522E+03   2  1
   7  2.971110E-01 -3.371061E-01   9.5403694E-01  -6.97721522E+03   2  1
   8  2.968455E-01 -3.370371E-01   9.5403726E-01  -6.97721530E+03   2  1
   9  2.970768E-01 -3.370971E-01   9.5403698E-01  -6.97721522E+03   2  1

 n =  5000   M =  100

 log maximum likelihood :  -6977.21522

 fractional differencing parameter : d  =   0.297111048

 autoregressive parameters :
 1  0.154893338

 moving average parameters :
 1 -0.430525461

 standard error (d,p,q) : 
 1  0.0169360047
 2  0.0348843271
 3  0.024197509

 covariance, correlation matrices (d,p,q) : 
 1 1  0.000286828255  1.
 1 2 -0.000409228816 -0.692667628
 1 3 -0.000115490445 -0.28181521
 2 2  0.00121691628  1.
 2 3  0.000650279684  0.770369672
 3 3  0.00058551944  1.

 interval of uncertainty for d :   0.000102648488
                   range for d :   0.  0.5
    finite difference interval :  7.35274449E-05
    relative machine precision :   2.22044605E-16

 work space  required 25011
 work space allocated 30000
